<?xml version="1.0" encoding="UTF-8"?>
<!-- Generated by org.testng.reporters.JUnitReportReporter -->
<testsuite hostname="GYANESH-PC" failures="0" tests="4" name="test.LoginPageTest" time="8.170" errors="0" timestamp="2021-10-07T16:58:09 IST" skipped="0">
  <testcase classname="test.LoginPageTest" name="loginPageTitleTest" time="0.041"/>
  <system-out/>
  <testcase classname="test.LoginPageTest" name="forgotPwdLinkTest" time="0.120"/>
  <system-out/>
  <testcase classname="test.LoginPageTest" name="logoTest" time="0.083"/>
  <system-out/>
  <testcase classname="test.LoginPageTest" name="loginTest" time="7.926"/>
  <system-out/>
</testsuite> <!-- test.LoginPageTest -->
