<?xml version="1.0" encoding="UTF-8"?>
<!-- Generated by org.testng.reporters.JUnitReportReporter -->
<testsuite hostname="GYANESH-PC" failures="0" tests="8" name="test.DashBoardPageTest" time="44.719" errors="0" timestamp="2021-10-07T16:58:09 IST" skipped="0">
  <testcase classname="test.DashBoardPageTest" name="dashBoardPageTitleTest" time="0.015"/>
  <system-out/>
  <testcase classname="test.DashBoardPageTest" name="headerTest" time="0.229"/>
  <system-out/>
  <testcase classname="test.DashBoardPageTest" name="addCandidateTest" time="6.438"/>
  <system-out/>
  <testcase classname="test.DashBoardPageTest" name="addCandidateTest" time="10.501"/>
  <system-out/>
  <testcase classname="test.DashBoardPageTest" name="addCandidateTest" time="6.692"/>
  <system-out/>
  <testcase classname="test.DashBoardPageTest" name="addCandidateTest" time="6.895"/>
  <system-out/>
  <testcase classname="test.DashBoardPageTest" name="addCandidateTest" time="7.238"/>
  <system-out/>
  <testcase classname="test.DashBoardPageTest" name="addCandidateTest" time="6.711"/>
  <system-out/>
</testsuite> <!-- test.DashBoardPageTest -->
