<?xml version="1.0" encoding="UTF-8"?>
<!-- Generated by org.testng.reporters.JUnitReportReporter -->
<testsuite hostname="GYANESH-PC" failures="0" tests="4" name="test.LoginPageTest" time="12.747" errors="0" timestamp="2021-10-08T16:13:09 IST" skipped="0">
  <testcase classname="test.LoginPageTest" name="loginPageTitleTest" time="0.169"/>
  <system-out/>
  <testcase classname="test.LoginPageTest" name="forgotPwdLinkTest" time="0.527"/>
  <system-out/>
  <testcase classname="test.LoginPageTest" name="logoTest" time="0.157"/>
  <system-out/>
  <testcase classname="test.LoginPageTest" name="loginTest" time="11.894"/>
  <system-out/>
</testsuite> <!-- test.LoginPageTest -->
