<?xml version="1.0" encoding="UTF-8"?>
<!-- Generated by org.testng.reporters.JUnitReportReporter -->
<testsuite hostname="GYANESH-PC" failures="0" tests="4" name="test.LoginPageTest" time="5.053" errors="0" timestamp="2021-10-17T20:03:02 IST" skipped="0">
  <testcase classname="test.LoginPageTest" name="loginPageTitleTest" time="0.083"/>
  <system-out/>
  <testcase classname="test.LoginPageTest" name="forgotPwdLinkTest" time="0.089"/>
  <system-out/>
  <testcase classname="test.LoginPageTest" name="logoTest" time="0.062"/>
  <system-out/>
  <testcase classname="test.LoginPageTest" name="loginTest" time="4.819"/>
  <system-out/>
</testsuite> <!-- test.LoginPageTest -->
